[debug] [2018-06-09T10:37:34.191Z] ----------------------------------------------------------------------
[debug] [2018-06-09T10:37:34.193Z] Command:       /usr/local/bin/node /usr/local/bin/firebase init
[debug] [2018-06-09T10:37:34.194Z] CLI Version:   3.18.6
[debug] [2018-06-09T10:37:34.194Z] Platform:      darwin
[debug] [2018-06-09T10:37:34.194Z] Node Version:  v8.11.1
[debug] [2018-06-09T10:37:34.195Z] Time:          Sat Jun 09 2018 12:37:34 GMT+0200 (CEST)
[debug] [2018-06-09T10:37:34.195Z] ----------------------------------------------------------------------
[debug] 
[debug] [2018-06-09T10:37:34.206Z] > command requires scopes: ["email","openid","https://www.googleapis.com/auth/cloudplatformprojects.readonly","https://www.googleapis.com/auth/firebase"]
[debug] [2018-06-09T10:37:34.206Z] > authorizing via signed-in user
[info] 
     🔥🔥🔥🔥🔥🔥🔥🔥 🔥🔥🔥🔥 🔥🔥🔥🔥🔥🔥🔥🔥  🔥🔥🔥🔥🔥🔥🔥🔥 🔥🔥🔥🔥🔥🔥🔥🔥     🔥🔥🔥     🔥🔥🔥🔥🔥🔥  🔥🔥🔥🔥🔥🔥🔥🔥
     🔥🔥        🔥🔥  🔥🔥     🔥🔥 🔥🔥       🔥🔥     🔥🔥  🔥🔥   🔥🔥  🔥🔥       🔥🔥
     🔥🔥🔥🔥🔥🔥    🔥🔥  🔥🔥🔥🔥🔥🔥🔥🔥  🔥🔥🔥🔥🔥🔥   🔥🔥🔥🔥🔥🔥🔥🔥  🔥🔥🔥🔥🔥🔥🔥🔥🔥  🔥🔥🔥🔥🔥🔥  🔥🔥🔥🔥🔥🔥
     🔥🔥        🔥🔥  🔥🔥    🔥🔥  🔥🔥       🔥🔥     🔥🔥 🔥🔥     🔥🔥       🔥🔥 🔥🔥
     🔥🔥       🔥🔥🔥🔥 🔥🔥     🔥🔥 🔥🔥🔥🔥🔥🔥🔥🔥 🔥🔥🔥🔥🔥🔥🔥🔥  🔥🔥     🔥🔥  🔥🔥🔥🔥🔥🔥  🔥🔥🔥🔥🔥🔥🔥🔥

You're about to initialize a Firebase project in this directory:

  /Users/Martin/workspace/los

[info] 
=== Project Setup
[info] 
[info] First, let's associate this project directory with a Firebase project.
[info] You can create multiple project aliases by running firebase use --add, 
[info] but for now we'll just set up a default project.
[info] 
[debug] [2018-06-09T10:38:00.362Z] > refreshing access token with scopes: ["email","https://www.googleapis.com/auth/cloudplatformprojects.readonly","https://www.googleapis.com/auth/firebase","openid"]
[debug] [2018-06-09T10:38:00.363Z] >>> HTTP REQUEST POST https://www.googleapis.com/oauth2/v3/token  
 { refresh_token: '1/sfQF20elXjyeH1xJ8u-heMfWoOYZysQHIcF3LmDjaOA',
  client_id: '563584335869-fgrhgmd47bqnekij5i8b5pr03ho849e6.apps.googleusercontent.com',
  client_secret: 'j9iVZfS8kkCEFUPaAeJV0sAi',
  grant_type: 'refresh_token',
  scope: 'email https://www.googleapis.com/auth/cloudplatformprojects.readonly https://www.googleapis.com/auth/firebase openid' } 
 Sat Jun 09 2018 12:38:00 GMT+0200 (CEST)
[debug] [2018-06-09T10:38:00.719Z] <<< HTTP RESPONSE 200
[debug] [2018-06-09T10:38:00.731Z] >>> HTTP REQUEST GET https://admin.firebase.com/v1/projects  
  
 Sat Jun 09 2018 12:38:00 GMT+0200 (CEST)
[debug] [2018-06-09T10:38:01.897Z] <<< HTTP RESPONSE 200
[info] 
=== Database Setup
[info] 
[info] Firebase Realtime Database Rules allow you to define how your data should be
[info] structured and when your data can be read from and written to.
[info] 
[debug] [2018-06-09T10:38:19.124Z] >>> HTTP REQUEST GET https://marts-62ae6.firebaseio.com/.settings/rules.json  
  
 Sat Jun 09 2018 12:38:19 GMT+0200 (CEST)
[debug] [2018-06-09T10:38:20.116Z] <<< HTTP RESPONSE 200
[info] ✔  Database Rules for marts-62ae6 have been downloaded to database.rules.json.
[info] Future modifications to database.rules.json will update Database Rules when you run
[info] firebase deploy.
[info] 
=== Firestore Setup
[info] 
[info] Firestore Security Rules allow you to define how and when to allow
[info] requests. You can keep these rules in your project directory
[info] and publish them with firebase deploy.
[info] 
[info] 
[info] Firestore indexes allow you to perform complex queries while
[info] maintaining performance that scales with the size of the result
[info] set. You can keep index definitions in your project directory
[info] and publish them with firebase deploy.
[info] 
[info] 
=== Functions Setup
[info] 
[info] A functions directory will be created in your project with a Node.js
[info] package pre-configured. Functions can be deployed with firebase deploy.
[info] 
[debug] [2018-06-09T10:38:28.687Z] > command requires scopes: ["email","openid","https://www.googleapis.com/auth/cloudplatformprojects.readonly","https://www.googleapis.com/auth/firebase","https://www.googleapis.com/auth/cloud-platform"]
[debug] [2018-06-09T10:38:28.688Z] > authorizing via signed-in user
[debug] [2018-06-09T10:38:28.689Z] > refreshing access token with scopes: ["email","https://www.googleapis.com/auth/cloud-platform","https://www.googleapis.com/auth/cloudplatformprojects.readonly","https://www.googleapis.com/auth/firebase","openid"]
[debug] [2018-06-09T10:38:28.689Z] >>> HTTP REQUEST POST https://www.googleapis.com/oauth2/v3/token  
 { refresh_token: '1/sfQF20elXjyeH1xJ8u-heMfWoOYZysQHIcF3LmDjaOA',
  client_id: '563584335869-fgrhgmd47bqnekij5i8b5pr03ho849e6.apps.googleusercontent.com',
  client_secret: 'j9iVZfS8kkCEFUPaAeJV0sAi',
  grant_type: 'refresh_token',
  scope: 'email https://www.googleapis.com/auth/cloud-platform https://www.googleapis.com/auth/cloudplatformprojects.readonly https://www.googleapis.com/auth/firebase openid' } 
 Sat Jun 09 2018 12:38:28 GMT+0200 (CEST)
[debug] [2018-06-09T10:38:28.896Z] <<< HTTP RESPONSE 200
[debug] [2018-06-09T10:38:28.914Z] >>> HTTP REQUEST GET https://admin.firebase.com/v1/projects/marts-62ae6  
  
 Sat Jun 09 2018 12:38:28 GMT+0200 (CEST)
[debug] [2018-06-09T10:38:30.085Z] <<< HTTP RESPONSE 200
[debug] [2018-06-09T10:38:30.086Z] >>> HTTP REQUEST GET https://admin.firebase.com/v1/database/marts-62ae6/tokens  
  
 Sat Jun 09 2018 12:38:30 GMT+0200 (CEST)
[debug] [2018-06-09T10:38:31.041Z] <<< HTTP RESPONSE 200
[debug] [2018-06-09T10:38:31.046Z] >>> HTTP REQUEST PATCH https://servicemanagement.googleapis.com/v1/services/cloudfunctions.googleapis.com/projectSettings/marts-62ae6?updateMask=usageSettings  
 { usageSettings: { consumerEnableStatus: 'ENABLED' } } 
 Sat Jun 09 2018 12:38:31 GMT+0200 (CEST)
[debug] [2018-06-09T10:38:31.048Z] >>> HTTP REQUEST PATCH https://servicemanagement.googleapis.com/v1/services/runtimeconfig.googleapis.com/projectSettings/marts-62ae6?updateMask=usageSettings  
 { usageSettings: { consumerEnableStatus: 'ENABLED' } } 
 Sat Jun 09 2018 12:38:31 GMT+0200 (CEST)
[debug] [2018-06-09T10:38:33.041Z] <<< HTTP RESPONSE 200
[debug] [2018-06-09T10:38:33.330Z] <<< HTTP RESPONSE 200
[info] ✔  Wrote functions/package.json
[info] ✔  Wrote functions/.eslintrc.json
[info] ✔  Wrote functions/index.js
[info] 
=== Hosting Setup
[info] 
[info] Your public directory is the folder (relative to your project directory) that
[info] will contain Hosting assets to be uploaded with firebase deploy. If you
[info] have a build process for your assets, use your build's output directory.
[info] 
